{"/home/user/React Projects/payment-reports-test-task-master-updated/payment-reports-test-task-master/src/components/Accordion/AccordionFooter/index.tsx": {"path":"/home/user/React Projects/payment-reports-test-task-master-updated/payment-reports-test-task-master/src/components/Accordion/AccordionFooter/index.tsx","statementMap":{"0":{"start":{"line":2,"column":0},"end":{"line":2,"column":50}},"1":{"start":{"line":8,"column":24},"end":{"line":25,"column":1}},"2":{"start":{"line":8,"column":27},"end":{"line":8,"column":32}},"3":{"start":{"line":8,"column":32},"end":{"line":8,"column":48}},"4":{"start":{"line":9,"column":2},"end":{"line":24,"column":4}},"5":{"start":{"line":27,"column":0},"end":{"line":27,"column":31}}},"fnMap":{"0":{"name":"(anonymous_3)","decl":{"start":{"line":8,"column":24},"end":{"line":8,"column":25}},"loc":{"start":{"line":8,"column":48},"end":{"line":25,"column":1}}}},"branchMap":{"0":{"loc":{"start":{"line":8,"column":32},"end":{"line":8,"column":48}},"type":"cond-expr","locations":[{"start":{"line":8,"column":35},"end":{"line":8,"column":37}},{"start":{"line":8,"column":37},"end":{"line":8,"column":48}}]}},"s":{"0":1,"1":1,"2":1,"3":1,"4":1,"5":1},"f":{"0":1},"b":{"0":[0,1]}}
,"/home/user/React Projects/payment-reports-test-task-master-updated/payment-reports-test-task-master/src/components/Accordion/AccordionHeader/index.tsx": {"path":"/home/user/React Projects/payment-reports-test-task-master-updated/payment-reports-test-task-master/src/components/Accordion/AccordionHeader/index.tsx","statementMap":{"0":{"start":{"line":2,"column":0},"end":{"line":2,"column":50}},"1":{"start":{"line":8,"column":24},"end":{"line":24,"column":1}},"2":{"start":{"line":8,"column":33},"end":{"line":8,"column":44}},"3":{"start":{"line":9,"column":2},"end":{"line":23,"column":4}},"4":{"start":{"line":26,"column":0},"end":{"line":26,"column":31}}},"fnMap":{"0":{"name":"(anonymous_3)","decl":{"start":{"line":8,"column":24},"end":{"line":8,"column":25}},"loc":{"start":{"line":8,"column":44},"end":{"line":24,"column":1}}}},"branchMap":{},"s":{"0":1,"1":1,"2":1,"3":1,"4":1},"f":{"0":1},"b":{}}
,"/home/user/React Projects/payment-reports-test-task-master-updated/payment-reports-test-task-master/src/components/Accordion/AccordionSummary/index.tsx": {"path":"/home/user/React Projects/payment-reports-test-task-master-updated/payment-reports-test-task-master/src/components/Accordion/AccordionSummary/index.tsx","statementMap":{"0":{"start":{"line":2,"column":0},"end":{"line":2,"column":50}},"1":{"start":{"line":3,"column":0},"end":{"line":3,"column":49}},"2":{"start":{"line":4,"column":0},"end":{"line":4,"column":22}},"3":{"start":{"line":11,"column":25},"end":{"line":11,"column":null}},"4":{"start":{"line":11,"column":39},"end":{"line":11,"column":41}},"5":{"start":{"line":11,"column":58},"end":{"line":11,"column":68}},"6":{"start":{"line":11,"column":73},"end":{"line":28,"column":2}},"7":{"start":{"line":30,"column":0},"end":{"line":30,"column":32}}},"fnMap":{"0":{"name":"(anonymous_3)","decl":{"start":{"line":11,"column":25},"end":{"line":11,"column":26}},"loc":{"start":{"line":11,"column":68},"end":{"line":11,"column":null}}}},"branchMap":{},"s":{"0":1,"1":1,"2":1,"3":1,"4":1,"5":1,"6":1,"7":1},"f":{"0":1},"b":{}}
,"/home/user/React Projects/payment-reports-test-task-master-updated/payment-reports-test-task-master/src/util/constants.ts": {"path":"/home/user/React Projects/payment-reports-test-task-master-updated/payment-reports-test-task-master/src/util/constants.ts","statementMap":{"0":{"start":{"line":1,"column":13},"end":{"line":15,"column":2}},"1":{"start":{"line":17,"column":13},"end":{"line":17,"column":67}}},"fnMap":{},"branchMap":{},"s":{"0":1,"1":1},"f":{},"b":{}}
}
