TN:
SF:src/components/Accordion/AccordionFooter/index.tsx
FN:8,(anonymous_3)
FNF:1
FNH:1
FNDA:1,(anonymous_3)
DA:2,1
DA:8,1
DA:9,1
DA:27,1
LF:4
LH:4
BRDA:8,0,0,0
BRDA:8,0,1,1
BRF:2
BRH:1
end_of_record
TN:
SF:src/components/Accordion/AccordionHeader/index.tsx
FN:8,(anonymous_3)
FNF:1
FNH:1
FNDA:1,(anonymous_3)
DA:2,1
DA:8,1
DA:9,1
DA:26,1
LF:4
LH:4
BRF:0
BRH:0
end_of_record
TN:
SF:src/components/Accordion/AccordionSummary/index.tsx
FN:11,(anonymous_3)
FNF:1
FNH:1
FNDA:1,(anonymous_3)
DA:2,1
DA:3,1
DA:4,1
DA:11,1
DA:30,1
LF:5
LH:5
BRF:0
BRH:0
end_of_record
TN:
SF:src/util/constants.ts
FNF:0
FNH:0
DA:1,1
DA:17,1
LF:2
LH:2
BRF:0
BRH:0
end_of_record
